#! /usr/bin/vvp
:ivl_version "12.0 (stable)";
:ivl_delay_selection "TYPICAL";
:vpi_time_precision - 12;
:vpi_module "/usr/lib/x86_64-linux-gnu/ivl/system.vpi";
:vpi_module "/usr/lib/x86_64-linux-gnu/ivl/vhdl_sys.vpi";
:vpi_module "/usr/lib/x86_64-linux-gnu/ivl/vhdl_textio.vpi";
:vpi_module "/usr/lib/x86_64-linux-gnu/ivl/v2005_math.vpi";
:vpi_module "/usr/lib/x86_64-linux-gnu/ivl/va_math.vpi";
S_0x5874f0ae5140 .scope module, "seven_segment_tb" "seven_segment_tb" 2 4;
 .timescale -9 -12;
v0x5874f0af8d10_0 .var "digit", 3 0;
v0x5874f0af8dd0_0 .var/i "i", 31 0;
v0x5874f0af8e90_0 .net "seg", 6 0, v0x5874f0af8bd0_0;  1 drivers
S_0x5874f0ae52d0 .scope module, "dut" "seven_segment" 2 9, 3 1 0, S_0x5874f0ae5140;
 .timescale -9 -12;
    .port_info 0 /INPUT 4 "digit";
    .port_info 1 /OUTPUT 7 "seg";
v0x5874f0ae54d0_0 .net "digit", 3 0, v0x5874f0af8d10_0;  1 drivers
v0x5874f0af8bd0_0 .var "seg", 6 0;
E_0x5874f0aaaa90 .event anyedge, v0x5874f0ae54d0_0;
    .scope S_0x5874f0ae52d0;
T_0 ;
    %wait E_0x5874f0aaaa90;
    %load/vec4 v0x5874f0ae54d0_0;
    %dup/vec4;
    %pushi/vec4 0, 0, 4;
    %cmp/u;
    %jmp/1 T_0.0, 6;
    %dup/vec4;
    %pushi/vec4 1, 0, 4;
    %cmp/u;
    %jmp/1 T_0.1, 6;
    %dup/vec4;
    %pushi/vec4 2, 0, 4;
    %cmp/u;
    %jmp/1 T_0.2, 6;
    %dup/vec4;
    %pushi/vec4 3, 0, 4;
    %cmp/u;
    %jmp/1 T_0.3, 6;
    %dup/vec4;
    %pushi/vec4 4, 0, 4;
    %cmp/u;
    %jmp/1 T_0.4, 6;
    %dup/vec4;
    %pushi/vec4 5, 0, 4;
    %cmp/u;
    %jmp/1 T_0.5, 6;
    %dup/vec4;
    %pushi/vec4 6, 0, 4;
    %cmp/u;
    %jmp/1 T_0.6, 6;
    %dup/vec4;
    %pushi/vec4 7, 0, 4;
    %cmp/u;
    %jmp/1 T_0.7, 6;
    %dup/vec4;
    %pushi/vec4 8, 0, 4;
    %cmp/u;
    %jmp/1 T_0.8, 6;
    %dup/vec4;
    %pushi/vec4 9, 0, 4;
    %cmp/u;
    %jmp/1 T_0.9, 6;
    %pushi/vec4 0, 0, 7;
    %store/vec4 v0x5874f0af8bd0_0, 0, 7;
    %jmp T_0.11;
T_0.0 ;
    %pushi/vec4 126, 0, 7;
    %store/vec4 v0x5874f0af8bd0_0, 0, 7;
    %jmp T_0.11;
T_0.1 ;
    %pushi/vec4 48, 0, 7;
    %store/vec4 v0x5874f0af8bd0_0, 0, 7;
    %jmp T_0.11;
T_0.2 ;
    %pushi/vec4 109, 0, 7;
    %store/vec4 v0x5874f0af8bd0_0, 0, 7;
    %jmp T_0.11;
T_0.3 ;
    %pushi/vec4 121, 0, 7;
    %store/vec4 v0x5874f0af8bd0_0, 0, 7;
    %jmp T_0.11;
T_0.4 ;
    %pushi/vec4 115, 0, 7;
    %store/vec4 v0x5874f0af8bd0_0, 0, 7;
    %jmp T_0.11;
T_0.5 ;
    %pushi/vec4 91, 0, 7;
    %store/vec4 v0x5874f0af8bd0_0, 0, 7;
    %jmp T_0.11;
T_0.6 ;
    %pushi/vec4 95, 0, 7;
    %store/vec4 v0x5874f0af8bd0_0, 0, 7;
    %jmp T_0.11;
T_0.7 ;
    %pushi/vec4 112, 0, 7;
    %store/vec4 v0x5874f0af8bd0_0, 0, 7;
    %jmp T_0.11;
T_0.8 ;
    %pushi/vec4 127, 0, 7;
    %store/vec4 v0x5874f0af8bd0_0, 0, 7;
    %jmp T_0.11;
T_0.9 ;
    %pushi/vec4 123, 0, 7;
    %store/vec4 v0x5874f0af8bd0_0, 0, 7;
    %jmp T_0.11;
T_0.11 ;
    %pop/vec4 1;
    %jmp T_0;
    .thread T_0, $push;
    .scope S_0x5874f0ae5140;
T_1 ;
    %vpi_call 2 15 "$dumpfile", "seven_segment.vcd" {0 0 0};
    %vpi_call 2 16 "$dumpvars", 32'sb00000000000000000000000000000000, S_0x5874f0ae5140 {0 0 0};
    %vpi_call 2 17 "$display", "Starting 7-segment testbench..." {0 0 0};
    %pushi/vec4 0, 0, 32;
    %store/vec4 v0x5874f0af8dd0_0, 0, 32;
T_1.0 ;
    %load/vec4 v0x5874f0af8dd0_0;
    %cmpi/s 16, 0, 32;
    %jmp/0xz T_1.1, 5;
    %load/vec4 v0x5874f0af8dd0_0;
    %pad/s 4;
    %store/vec4 v0x5874f0af8d10_0, 0, 4;
    %delay 10000, 0;
    %vpi_call 2 23 "$display", "Input = %h -> Segments = %b", v0x5874f0af8d10_0, v0x5874f0af8e90_0 {0 0 0};
    %load/vec4 v0x5874f0af8dd0_0;
    %addi 1, 0, 32;
    %store/vec4 v0x5874f0af8dd0_0, 0, 32;
    %jmp T_1.0;
T_1.1 ;
    %vpi_call 2 26 "$display", "Simulation complete." {0 0 0};
    %vpi_call 2 27 "$stop" {0 0 0};
    %end;
    .thread T_1;
# The file index is used to find the file name in the following table.
:file_names 4;
    "N/A";
    "<interactive>";
    "seven_segment_tb.v";
    "./seven_segment.v";
